<?xml version="1.0" encoding="UTF-8"?>
<!-- Generated by org.testng.reporters.JUnitXMLReporter -->
<testsuite ignored="4" hostname="LTIN270424" failures="0" tests="3" name="Test" time="118.923" errors="0" timestamp="2024-03-05T14:11:19 IST">
  <testcase classname="testCase.TC_01_upcomingbikes" name="upcomingbike" time="59.514"/>
  <testcase classname="testCase.TC_02_usedcars" name="usedCars" time="37.615"/>
  <testcase classname="testCase.TC_03_login" name="login" time="19.888"/>
  <testcase classname="testBase.baseclass" name="@BeforeSuite setup" time="0.0">
    <ignored/>
  </testcase> <!-- @BeforeSuite setup -->
  <testcase classname="testBase.baseclass" name="@BeforeSuite setup" time="0.0">
    <ignored/>
  </testcase> <!-- @BeforeSuite setup -->
  <testcase classname="testBase.baseclass" name="@AfterSuite close" time="0.0">
    <ignored/>
  </testcase> <!-- @AfterSuite close -->
  <testcase classname="testBase.baseclass" name="@AfterSuite close" time="0.0">
    <ignored/>
  </testcase> <!-- @AfterSuite close -->
</testsuite> <!-- Test -->
